[0mGET / [32m200[0m 927.442 ms - 31619[0m
[0mGET / [36m304[0m 92.145 ms - -[0m
[0mGET / [36m304[0m 86.080 ms - -[0m
[0mGET / [36m304[0m 1040.797 ms - -[0m
[0mGET / [36m304[0m 135.765 ms - -[0m
[0mGET / [36m304[0m 60.755 ms - -[0m
[0mGET / [36m304[0m 61.304 ms - -[0m
[0mGET / [36m304[0m 59.737 ms - -[0m
[0mGET / [36m304[0m 95.864 ms - -[0m
[0mGET / [36m304[0m 70.411 ms - -[0m
[0mGET / [36m304[0m 43.008 ms - -[0m
[0mGET / [36m304[0m 53.623 ms - -[0m
[0mGET / [36m304[0m 40.115 ms - -[0m
[0mGET / [36m304[0m 54.014 ms - -[0m
[0mGET / [36m304[0m 69.525 ms - -[0m
[0mGET / [36m304[0m 307.484 ms - -[0m
[0mGET / [32m200[0m 195.176 ms - 31619[0m
[0mGET / [36m304[0m 411.419 ms - -[0m
[0mGET / [36m304[0m 217.791 ms - -[0m
[0mGET / [36m304[0m 511.702 ms - -[0m
[0mGET / [36m304[0m 49.838 ms - -[0m
[0mGET / [36m304[0m 39.670 ms - -[0m
[0mGET / [36m304[0m 2879.698 ms - -[0m
[0mGET / [36m304[0m 124.553 ms - -[0m
[0mGET / [36m304[0m 77.806 ms - -[0m
[0mGET /users/sign-in [36m304[0m 24.883 ms - -[0m
[0mPOST /users/create-session [36m302[0m 81.363 ms - 46[0m
[0mGET / [32m200[0m 69.537 ms - 45996[0m
[0mGET / [32m200[0m 124.286 ms - 45683[0m
[0mGET / [36m304[0m 51.962 ms - -[0m
[0mGET / [36m304[0m 52.455 ms - -[0m
[0mGET / [36m304[0m 51.396 ms - -[0m
[0mGET / [36m304[0m 388.061 ms - -[0m
[0mGET / [36m304[0m 66.452 ms - -[0m
[0mGET / [32m200[0m 166.065 ms - 4389[0m
[0mGET /users/sign-in [32m200[0m 95.015 ms - 2662[0m
[0mPOST /users/create-session [36m302[0m 203.749 ms - 72[0m
[0mGET /users/sign-in [32m200[0m 572.573 ms - 2949[0m
[0mPOST /users/create-session [36m302[0m 414.789 ms - 72[0m
[0mGET /users/sign-in [36m304[0m 111.564 ms - -[0m
[0mGET /users/sign-up [32m200[0m 99.786 ms - 3020[0m
[0mPOST /users/create [36m302[0m 505.612 ms - 72[0m
[0mGET /users/sign-in [32m200[0m 155.537 ms - 2662[0m
[0mPOST /users/create-session [36m302[0m 345.713 ms - 72[0m
[0mGET /users/sign-in [32m200[0m 197.621 ms - 2949[0m
[0mPOST /users/create-session [36m302[0m 183.220 ms - 46[0m
[0mGET / [32m200[0m 816.930 ms - 6822[0m
[0mPOST /posts/create [32m200[0m 564.632 ms - 668[0m
[0mGET /undefined [33m404[0m 217.125 ms - 148[0m
[0mGET /users/profile/62984d83ea6c5c4789d2fd87 [32m200[0m 711.344 ms - 8363[0m
[0mGET / [32m200[0m 584.057 ms - 8790[0m
[0mPOST /likes/toggle/?id=62984db3ea6c5c4789d2fd90&type=Post [32m200[0m 419.442 ms - 58[0m
[0mGET /users/profile/62984d83ea6c5c4789d2fd87 [32m200[0m 648.455 ms - 8363[0m
[0mPOST /users/update/62984d83ea6c5c4789d2fd87 [36m302[0m 1477.222 ms - 164[0m
[0mGET /users/profile/62984d83ea6c5c4789d2fd87 [32m200[0m 653.909 ms - 8307[0m
[0mGET / [32m200[0m 635.559 ms - 8690[0m
[0mGET /users/profile/62984d83ea6c5c4789d2fd87 [36m304[0m 598.457 ms - -[0m
[0mGET /users/profile/62984d83ea6c5c4789d2fd87 [36m304[0m 597.352 ms - -[0m
[0mGET /users/profile/62984d83ea6c5c4789d2fd87 [36m304[0m 634.008 ms - -[0m
[0mGET / [36m304[0m 594.529 ms - -[0m
[0mGET /users/profile/62984d83ea6c5c4789d2fd87 [36m304[0m 653.393 ms - -[0m
[0mGET / [36m304[0m 527.569 ms - -[0m
[0mPOST /posts/create [32m200[0m 461.314 ms - 457[0m
[0mGET /undefined [33m404[0m 145.729 ms - 148[0m
[0mGET / [32m200[0m 586.213 ms - 10722[0m
[0mPOST /likes/toggle/?id=62984ec4ea6c5c4789d2fde6&type=Post [32m200[0m 505.581 ms - 58[0m
[0mGET /users/sign-out [36m302[0m 179.469 ms - 46[0m
[0mGET / [32m200[0m 417.070 ms - 7870[0m
[0mGET /users/sign-up [36m304[0m 142.577 ms - -[0m
[0mPOST /users/create [36m302[0m 288.718 ms - 72[0m
[0mGET /users/sign-in [32m200[0m 82.294 ms - 2662[0m
[0mPOST /users/create-session [36m302[0m 141.941 ms - 46[0m
[0mGET / [32m200[0m 551.887 ms - 11097[0m
[0mPOST /posts/create [32m200[0m 1733.568 ms - 759[0m
[0mGET /undefined [33m404[0m 185.173 ms - 148[0m
[0mGET / [32m200[0m 614.015 ms - 13146[0m
[0mPOST /posts/create [32m200[0m 405.838 ms - 602[0m
[0mGET /undefined [33m404[0m 161.871 ms - 148[0m
[0mGET / [32m200[0m 579.231 ms - 15377[0m
[0mGET /users/sign-out [36m302[0m 196.602 ms - 46[0m
[0mGET / [32m200[0m 383.390 ms - 11391[0m
[0mGET /users/sign-up [36m304[0m 88.984 ms - -[0m
[0mPOST /users/create [36m302[0m 253.299 ms - 72[0m
[0mGET /users/sign-in [36m304[0m 78.907 ms - -[0m
[0mPOST /users/create-session [36m302[0m 198.109 ms - 46[0m
[0mGET / [32m200[0m 366.523 ms - 11533[0m
[0mGET /users/sign-in [36m302[0m 170.373 ms - 72[0m
[0mGET /users/profile [33m404[0m 170.441 ms - 152[0m
[0mGET / [32m200[0m 562.240 ms - 15455[0m
[0mPOST /likes/toggle/?id=62985036ea6c5c4789d2fe12&type=Post [32m200[0m 472.436 ms - 58[0m
[0mPOST /likes/toggle/?id=62984ec4ea6c5c4789d2fde6&type=Post [32m200[0m 513.923 ms - 58[0m
[0mPOST /comments/create [0m-[0m - ms - -[0m
[0mPOST /comments/create [0m-[0m - ms - -[0m
[0mGET / [32m200[0m 583.626 ms - 16451[0m
[0mPOST /likes/toggle/?id=62985083ea6c5c4789d2fe42&type=Comment [32m200[0m 406.192 ms - 58[0m
[0mPOST /likes/toggle/?id=62985087ea6c5c4789d2fe49&type=Comment [32m200[0m 457.894 ms - 58[0m
[0mPOST /comments/create [0m-[0m - ms - -[0m
[0mGET / [32m200[0m 1073.680 ms - 16955[0m
[0mPOST /likes/toggle/?id=629850afea6c5c4789d2fe64&type=Comment [32m200[0m 431.054 ms - 58[0m
[0mGET /users/profile/62984d83ea6c5c4789d2fd87 [32m200[0m 715.178 ms - 9232[0m
[0mGET /users/profile/62985055ea6c5c4789d2fe22 [32m200[0m 550.799 ms - 6173[0m
[0mPOST /users/update/62985055ea6c5c4789d2fe22 [36m302[0m 298.111 ms - 164[0m
[0mGET /users/profile/62985055ea6c5c4789d2fe22 [32m200[0m 513.763 ms - 6197[0m
[0mGET / [32m200[0m 647.826 ms - 16955[0m
[0mPOST /posts/create [32m200[0m 391.841 ms - 559[0m
[0mGET /undefined [33m404[0m 165.921 ms - 148[0m
[0mGET / [32m200[0m 600.674 ms - 19139[0m
[0mPOST /likes/toggle/?id=6298511aea6c5c4789d2fe97&type=Post [32m200[0m 429.210 ms - 58[0m
[0mGET /users/profile/62985055ea6c5c4789d2fe22 [32m200[0m 675.963 ms - 8256[0m
[0mGET / [32m200[0m 675.383 ms - 19139[0m
[0mGET /users/profile/62984d83ea6c5c4789d2fd87 [36m304[0m 725.382 ms - -[0m
[0mGET / [36m304[0m 666.086 ms - -[0m
[0mGET /users/profile/62985055ea6c5c4789d2fe22 [36m304[0m 610.153 ms - -[0m
[0mPOST /users/update/62985055ea6c5c4789d2fe22 [36m302[0m 321.870 ms - 164[0m
[0mGET /users/profile/62985055ea6c5c4789d2fe22 [32m200[0m 660.197 ms - 8156[0m
[0mPOST /users/update/62985055ea6c5c4789d2fe22 [36m302[0m 1309.658 ms - 164[0m
[0mGET /users/profile/62985055ea6c5c4789d2fe22 [32m200[0m 592.233 ms - 8156[0m
[0mGET / [32m200[0m 702.858 ms - 19039[0m
[0mPOST /posts/create [32m200[0m 359.874 ms - 780[0m
[0mGET /undefined [33m404[0m 172.997 ms - 148[0m
[0mGET / [32m200[0m 683.954 ms - 21376[0m
[0mPOST /likes/toggle/?id=62985234ea6c5c4789d2feee&type=Post [32m200[0m 431.268 ms - 58[0m
[0mPOST /likes/toggle/?id=6298511aea6c5c4789d2fe97&type=Post [32m200[0m 596.229 ms - 57[0m
[0mPOST /likes/toggle/?id=6298511aea6c5c4789d2fe97&type=Post [32m200[0m 479.613 ms - 58[0m
[0mGET /users/profile/62984ef9ea6c5c4789d2fdfd [32m200[0m 695.382 ms - 10074[0m
[0mPOST /friendship/addfriend [36m302[0m 753.532 ms - 122[0m
[0mGET /users/profile/62984ef9ea6c5c4789d2fdfd [32m200[0m 900.491 ms - 10091[0m
[0mGET / [32m200[0m 704.342 ms - 21900[0m
[0mGET / [36m304[0m 764.140 ms - -[0m
[0mGET / [36m304[0m 754.603 ms - -[0m
[0mGET / [32m200[0m 998.265 ms - 22378[0m
[0mGET /users/profile/62985055ea6c5c4789d2fe22 [32m200[0m 1340.478 ms - 10955[0m
[0mGET / [36m304[0m 1392.350 ms - -[0m
[0mGET / [36m304[0m 1132.963 ms - -[0m
[0mGET / [32m200[0m 3388.823 ms - 15786[0m
[0mGET / [32m200[0m 1529.366 ms - 15793[0m
[0mGET /assets/images/favicon.ico [33m404[0m 97.876 ms - 164[0m
[0mGET / [32m200[0m 929.912 ms - 15787[0m
[0mGET / [36m304[0m 530.335 ms - -[0m
